\BOOKMARK [0][-]{section*.1}{\376\377\006\101\006\107\006\061\006\063\006\052\000\040\006\052\006\065\006\047\006\110\006\314\006\061}{}% 1
\BOOKMARK [0][-]{section*.2}{\376\377\006\101\006\107\006\061\006\063\006\052\000\040\006\054\006\057\006\047\006\110\006\104}{}% 2
\BOOKMARK [0][-]{chapter.1}{\376\377\006\105\006\102\006\057\006\105\006\107\000\040\006\110\000\040\006\105\006\101\006\047\006\107\006\314\006\105\000\040\006\047\006\110\006\104\006\314\006\107}{}% 3
\BOOKMARK [1][-]{section.1.1}{\376\377\006\052\006\047\006\061\006\314\006\056\006\206\006\107\000\040\006\110\000\040\006\047\006\107\006\105\006\314\006\052\000\040\006\052\006\054\006\062\006\314\006\107\000\040\006\047\006\071\006\057\006\047\006\057}{chapter.1}% 4
\BOOKMARK [1][-]{section.1.2}{\376\377\006\052\006\071\006\047\006\061\006\314\006\101\000\040\006\176\006\047\006\314\006\107\000\040\006\061\006\314\006\047\006\066\006\314}{chapter.1}% 5
\BOOKMARK [1][-]{section.1.3}{\376\377\006\063\006\047\006\056\006\052\006\047\006\061\000\040\006\105\006\063\006\052\006\106\006\057}{chapter.1}% 6
\BOOKMARK [0][-]{chapter.2}{\376\377\006\105\006\057\006\104\040\014\006\063\006\047\006\062\006\314\000\040\006\061\006\314\006\047\006\066\006\314\000\040\006\110\000\040\006\047\006\104\006\257\006\110\006\061\006\314\006\052\006\105\040\014\006\107\006\047}{}% 7
\BOOKMARK [1][-]{section.2.1}{\376\377\006\105\006\102\006\057\006\105\006\107\000\040\006\110\000\040\006\105\006\057\006\104\040\014\006\063\006\047\006\062\006\314\000\040\006\061\006\314\006\047\006\066\006\314}{chapter.2}% 8
\BOOKMARK [2][-]{subsection.2.1.1}{\376\377\006\052\006\110\006\047\006\050\006\071\000\040\006\206\006\106\006\057\006\066\006\047\006\050\006\067\006\107\040\014\006\047\006\314\000\040\006\110\000\040\006\055\006\057}{section.2.1}% 9
\BOOKMARK [2][-]{subsection.2.1.2}{\376\377\006\050\006\063\006\067\000\040\006\206\006\106\006\057\006\054\006\105\006\104\006\107\040\014\006\047\006\314\000\040\006\110\000\040\006\047\006\106\006\052\006\257\006\061\006\047\006\104\040\014\006\257\006\314\006\061\006\314}{section.2.1}% 10
\BOOKMARK [2][-]{subsection.2.1.3}{\376\377\006\047\006\105\006\314\006\057\000\040\006\061\006\314\006\047\006\066\006\314\000\040\006\110\000\040\006\110\006\047\006\061\006\314\006\047\006\106\006\063}{section.2.1}% 11
\BOOKMARK [2][-]{subsection.2.1.4}{\376\377\006\052\006\054\006\062\006\314\006\107\000\040\006\314\006\251\000\040\006\071\006\050\006\047\006\061\006\052}{section.2.1}% 12
\BOOKMARK [1][-]{section.2.2}{\376\377\006\047\006\104\006\257\006\110\006\061\006\314\006\052\006\105\000\040\006\050\006\107\006\314\006\106\006\107\040\014\006\063\006\047\006\062\006\314\000\040\006\110\000\040\006\061\006\110\006\106\006\057\006\106\006\105\006\047}{chapter.2}% 13
\BOOKMARK [2][-]{subsection.2.2.1}{\376\377\006\064\006\050\006\107\040\014\006\251\006\057\000\040\006\047\006\104\006\257\006\110\006\061\006\314\006\052\006\105}{section.2.2}% 14
\BOOKMARK [2][-]{subsection.2.2.2}{\376\377\006\061\006\110\006\106\006\057\006\106\006\105\006\047\006\314\000\040\006\101\006\061\006\042\006\314\006\106\006\057}{section.2.2}% 15
\BOOKMARK [0][-]{chapter.3}{\376\377\006\052\006\110\006\047\006\050\006\071\000\040\006\062\006\314\006\047\006\106\000\040\006\110\000\040\006\047\006\061\006\062\006\314\006\047\006\050\006\314\000\040\006\105\006\057\006\104\040\014\006\107\006\047}{}% 16
\BOOKMARK [1][-]{section.3.1}{\376\377\006\105\006\102\006\057\006\105\006\107}{chapter.3}% 17
\BOOKMARK [1][-]{section.3.2}{\376\377\006\105\006\106\006\070\006\105\040\014\006\063\006\047\006\062\006\314\000\040\006\110\000\040\006\061\006\257\006\061\006\063\006\314\006\110\006\106\000\040\006\061\006\314\006\054}{chapter.3}% 18
\BOOKMARK [1][-]{section.3.3}{\376\377\006\052\006\047\006\050\006\071\000\040\006\062\006\314\006\047\006\106\000\040\006\107\006\314\006\110\006\050\006\061}{chapter.3}% 19
\BOOKMARK [1][-]{section.3.4}{\376\377\006\105\006\071\006\047\006\057\006\104\006\107\000\040\006\106\006\061\006\105\006\047\006\104}{chapter.3}% 20
\BOOKMARK [1][-]{section.3.5}{\376\377\006\047\006\104\006\257\006\110\006\061\006\314\006\052\006\105\040\014\006\107\006\047\006\314\000\040\006\050\006\107\006\314\006\106\006\107\040\014\006\063\006\047\006\062\006\314}{chapter.3}% 21
\BOOKMARK [1][-]{section.3.6}{\376\377\006\105\006\071\006\314\006\047\006\061\006\107\006\047\006\314\000\040\006\047\006\061\006\062\006\314\006\047\006\050\006\314\000\040\006\105\006\057\006\104\040\014\006\107\006\047}{chapter.3}% 22
\BOOKMARK [2][-]{subsection.3.6.1}{\376\377\006\105\006\071\006\314\006\047\006\061\006\107\006\047\006\314\000\040\006\047\006\061\006\062\006\314\006\047\006\050\006\314\000\040\006\057\006\061\000\040\006\105\006\063\006\047\006\046\006\104\000\040\006\061\006\257\006\061\006\063\006\314\006\110\006\106}{section.3.6}% 23
\BOOKMARK [2][-]{subsection.3.6.2}{\376\377\006\105\006\071\006\314\006\047\006\061\006\107\006\047\006\314\000\040\006\047\006\061\006\062\006\314\006\047\006\050\006\314\000\040\006\057\006\061\000\040\006\105\006\063\006\047\006\046\006\104\000\040\006\057\006\063\006\052\006\107\040\014\006\050\006\106\006\057\006\314}{section.3.6}% 24
\BOOKMARK [0][-]{chapter.4}{\376\377\006\064\006\050\006\251\006\107\040\014\006\107\006\047\006\314\000\040\006\071\006\065\006\050\006\314\000\040\006\071\006\105\006\314\006\102}{}% 25
\BOOKMARK [1][-]{section.4.1}{\376\377\006\105\006\102\006\057\006\105\006\107}{chapter.4}% 26
\BOOKMARK [1][-]{section.4.2}{\376\377\006\314\006\047\006\056\006\052\006\107\000\040\006\071\006\065\006\050\006\314\000\040\006\105\006\065\006\106\006\110\006\071\006\314}{chapter.4}% 27
\BOOKMARK [1][-]{section.4.3}{\376\377\006\064\006\050\006\251\006\107\040\014\006\107\006\047\006\314\000\040\006\071\006\065\006\050\006\314\000\040\006\206\006\106\006\057\006\104\006\047\006\314\006\107}{chapter.4}% 28
\BOOKMARK [2][-]{subsection.4.3.1}{\376\377\006\063\006\047\006\056\006\052\006\047\006\061\000\040\006\104\006\047\006\314\006\107\040\014\006\107\006\047}{section.4.3}% 29
\BOOKMARK [2][-]{subsection.4.3.2}{\376\377\006\052\006\110\006\047\006\050\006\071\000\040\006\101\006\071\006\047\006\104\040\014\006\063\006\047\006\062\000\040\006\061\006\047\006\314\006\054}{section.4.3}% 30
\BOOKMARK [2][-]{subsection.4.3.3}{\376\377\006\052\006\110\006\047\006\050\006\071\000\040\006\062\006\314\006\047\006\106}{section.4.3}% 31
\BOOKMARK [1][-]{section.4.4}{\376\377\006\042\006\105\006\110\006\062\006\064\000\040\006\064\006\050\006\251\006\107\000\040\006\071\006\065\006\050\006\314}{chapter.4}% 32
\BOOKMARK [2][-]{subsection.4.4.1}{\376\377\006\047\006\106\006\052\006\064\006\047\006\061\000\040\006\061\006\110\000\040\006\050\006\107\000\040\006\054\006\104\006\110\000\040\006\110\000\040\006\176\006\063\040\014\006\047\006\106\006\052\006\064\006\047\006\061\000\040\006\056\006\067\006\047}{section.4.4}% 33
\BOOKMARK [2][-]{subsection.4.4.2}{\376\377\006\047\006\104\006\257\006\110\006\061\006\314\006\052\006\105\040\014\006\107\006\047\006\314\000\040\006\050\006\107\006\314\006\106\006\107\040\014\006\063\006\047\006\062\006\314}{section.4.4}% 34
\BOOKMARK [1][-]{section.4.5}{\376\377\006\251\006\047\006\061\006\050\006\061\006\057\006\107\006\047\006\314\000\040\006\064\006\050\006\251\006\107\040\014\006\107\006\047\006\314\000\040\006\071\006\065\006\050\006\314\000\040\006\071\006\105\006\314\006\102}{chapter.4}% 35
\BOOKMARK [0][-]{chapter.5}{\376\377\006\054\006\105\006\071\040\014\006\050\006\106\006\057\006\112\000\040\006\110\000\040\006\106\006\052\006\112\006\054\006\107\040\014\006\257\006\112\006\061\006\112\000\040\006\110\000\040\006\176\006\314\006\064\006\106\006\107\006\047\006\057\006\047\006\052}{}% 36
\BOOKMARK [1][-]{section.5.1}{\376\377\006\054\006\105\006\071\040\014\006\050\006\106\006\057\006\314\000\040\006\110\000\040\006\106\006\052\006\314\006\054\006\107\040\014\006\257\006\314\006\061\006\314}{chapter.5}% 37
\BOOKMARK [1][-]{section.5.2}{\376\377\006\176\006\314\006\064\006\106\006\107\006\047\006\057\006\107\006\047\000\040\006\050\006\061\006\047\006\314\000\040\006\251\006\047\006\061\006\107\006\047\006\314\000\040\006\042\006\314\006\106\006\057\006\107}{chapter.5}% 38
\BOOKMARK [0][-]{appendix*.10}{\376\377\006\105\006\106\006\047\006\050\006\071\000\040\006\110\000\040\006\105\006\061\006\047\006\054\006\071}{}% 39
